<?xml version="1.0" encoding="UTF-8"?>
<!-- Generated by org.testng.reporters.JUnitXMLReporter -->
<testsuite ignored="0" hostname="ShahidHood" failures="0" tests="2" name="Default test" time="21.765" errors="0" timestamp="2025-09-17T21:02:18 EDT">
  <testcase classname="com.testNg.practice.PracticeTestNgWithMehtods" name="launchApp" time="4.959"/>
  <testcase classname="com.testNg.practice.PracticeTestNgWithMehtods" name="checkButtonsUnderAll" time="16.674"/>
</testsuite> <!-- Default test -->
