<?xml version="1.0" encoding="UTF-8"?>
<!-- Generated by org.testng.reporters.JUnitReportReporter -->
<testsuite hostname="DESKTOP-IKD4M7K" failures="0" tests="4" name="testNgPackage1.MavenTestNgProject1.SoftAssertions" time="31.118" errors="0" timestamp="2024-08-01T23:33:41 EDT" skipped="0">
  <testcase classname="testNgPackage1.MavenTestNgProject1.SoftAssertions" name="m2" time="9.647"/>
  <testcase classname="testNgPackage1.MavenTestNgProject1.SoftAssertions" name="m1" time="5.240"/>
  <testcase classname="testNgPackage1.MavenTestNgProject1.SoftAssertions" name="m1" time="10.177"/>
  <testcase classname="testNgPackage1.MavenTestNgProject1.SoftAssertions" name="m2" time="6.054"/>
</testsuite> <!-- testNgPackage1.MavenTestNgProject1.SoftAssertions -->
