<?xml version="1.0" encoding="UTF-8"?>
<!-- Generated by org.testng.reporters.JUnitReportReporter -->
<testsuite hostname="DESKTOP-IKD4M7K" failures="0" tests="3" name="testNgPackage1.MavenTestNgProject1.DataProviderAnnotationFacebook" time="31.047" errors="0" timestamp="2024-08-01T23:33:41 EDT" skipped="0">
  <testcase classname="testNgPackage1.MavenTestNgProject1.DataProviderAnnotationFacebook" name="m1" time="9.915"/>
  <testcase classname="testNgPackage1.MavenTestNgProject1.DataProviderAnnotationFacebook" name="m1" time="10.426"/>
  <testcase classname="testNgPackage1.MavenTestNgProject1.DataProviderAnnotationFacebook" name="m1" time="10.706"/>
</testsuite> <!-- testNgPackage1.MavenTestNgProject1.DataProviderAnnotationFacebook -->
