<?xml version="1.0" encoding="UTF-8"?>
<!-- Generated by org.testng.reporters.JUnitReportReporter -->
<testsuite hostname="DESKTOP-IKD4M7K" failures="0" tests="3" name="testNgPackage1.MavenTestNgProject1.HardAssertions" time="21.823" errors="0" timestamp="2024-08-01T23:33:41 EDT" skipped="0">
  <testcase classname="testNgPackage1.MavenTestNgProject1.HardAssertions" name="m1" time="7.838"/>
  <testcase classname="testNgPackage1.MavenTestNgProject1.HardAssertions" name="m2" time="6.342"/>
  <testcase classname="testNgPackage1.MavenTestNgProject1.HardAssertions" name="m3" time="7.643"/>
</testsuite> <!-- testNgPackage1.MavenTestNgProject1.HardAssertions -->
