<?xml version="1.0" encoding="UTF-8"?>
<!-- Generated by org.testng.reporters.JUnitXMLReporter -->
<testsuite ignored="1" hostname="ShahidHood" failures="0" tests="2" name="OrangeHrmLogin" time="5.746" errors="0" timestamp="2025-07-14T21:51:36 EDT">
  <testcase classname="com.testNg.practice.OrangeHRM" name="launchApp" time="4.554"/>
  <testcase classname="com.testNg.practice.OrangeHRM" name="enterLoginDetails" time="1.093"/>
  <testcase classname="com.testNg.practice.OrangeHRM" name="clickPim" time="0.0">
    <ignored/>
  </testcase> <!-- clickPim -->
</testsuite> <!-- OrangeHrmLogin -->
