<?xml version="1.0" encoding="UTF-8"?>
<!-- Generated by org.testng.reporters.JUnitXMLReporter -->
<testsuite ignored="0" hostname="ShahidHood" failures="0" tests="3" name="OrangeHRMClickpim" time="10.659" errors="0" timestamp="2025-07-14T21:51:47 EDT">
  <testcase classname="com.testNg.practice.OrangeHRM" name="launchApp" time="4.872"/>
  <testcase classname="com.testNg.practice.OrangeHRM" name="enterLoginDetails" time="1.446"/>
  <testcase classname="com.testNg.practice.OrangeHRM" name="clickPim" time="4.309"/>
</testsuite> <!-- OrangeHRMClickpim -->
