<?xml version="1.0" encoding="UTF-8"?>
<!-- Generated by org.testng.reporters.JUnitXMLReporter -->
<testsuite ignored="1" hostname="ShahidHood" failures="0" tests="1" name="TestGoogle" time="5.895" errors="0" timestamp="2025-07-14T21:51:53 EDT">
  <testcase classname="com.testNg.practice.FirstTest_TestNg" name="testFacebook" time="5.885"/>
  <testcase classname="com.testNg.practice.FirstTest_TestNg" name="testGoogle" time="0.0">
    <ignored/>
  </testcase> <!-- testGoogle -->
</testsuite> <!-- TestGoogle -->
