<?xml version="1.0" encoding="UTF-8"?>
<!-- Generated by org.testng.reporters.JUnitXMLReporter -->
<testsuite ignored="1" hostname="ShahidHood" failures="0" tests="2" name="TestNgGrouping" time="4.181" errors="0" timestamp="2025-07-16T15:21:35 EDT">
  <testcase classname="com.testNg.practice.OptionalParameter" name="launchApp" time="0.775"/>
  <testcase classname="com.testNg.practice.OptionalParameter" name="enterLoginDetails" time="0.465"/>
  <testcase classname="com.testNg.practice.OptionalParameter" name="clickPim" time="0.0">
    <ignored/>
  </testcase> <!-- clickPim -->
</testsuite> <!-- TestNgGrouping -->
