<?xml version="1.0" encoding="UTF-8"?>
<!-- Generated by org.testng.reporters.JUnitReportReporter -->
<testsuite hostname="ShahidHood" failures="0" tests="3" name="com.testautomation.apitesting.tests.RestAssuredPart1" time="2.898" errors="0" timestamp="2025-02-13T12:49:38 EST" skipped="0">
  <testcase classname="com.testautomation.apitesting.tests.RestAssuredPart1" name="createUsers" time="2.298"/>
  <system-out/>
  <testcase classname="com.testautomation.apitesting.tests.RestAssuredPart1" name="updateUsers" time="0.333"/>
  <system-out/>
  <testcase classname="com.testautomation.apitesting.tests.RestAssuredPart1" name="deleteUsers" time="0.267"/>
  <system-out/>
</testsuite> <!-- com.testautomation.apitesting.tests.RestAssuredPart1 -->
