<?xml version="1.0" encoding="UTF-8"?>
<!-- Generated by org.testng.reporters.JUnitReportReporter -->
<testsuite hostname="ShahidHood" failures="0" tests="1" name="com.testautomation.apitesting.tests.PostRequestInDfferentWays_2a" time="4.348" errors="0" timestamp="2025-02-20T16:50:48 EST" skipped="0">
  <testcase classname="com.testautomation.apitesting.tests.PostRequestInDfferentWays_2a" name="testPostusingJsonLibrary" time="4.348"/>
  <system-out/>
</testsuite> <!-- com.testautomation.apitesting.tests.PostRequestInDfferentWays_2a -->
