<?xml version="1.0" encoding="UTF-8"?>
<!-- Generated by org.testng.reporters.JUnitReportReporter -->
<testsuite hostname="ShahidHood" failures="0" tests="1" name="com.testautomation.apitesting.tests.FileUploadAndDownload" time="1.821" errors="0" timestamp="2025-02-23T17:17:12 EST" skipped="0">
  <testcase classname="com.testautomation.apitesting.tests.FileUploadAndDownload" name="uploadFile" time="1.821"/>
  <system-out/>
</testsuite> <!-- com.testautomation.apitesting.tests.FileUploadAndDownload -->
