<?xml version="1.0" encoding="UTF-8"?>
<!-- Generated by org.testng.reporters.JUnitReportReporter -->
<testsuite hostname="ShahidHood" failures="0" tests="1" name="com.testautomation.apitesting.tests.PathAndQueryParameter" time="2.380" errors="0" timestamp="2025-02-17T19:56:48 EST" skipped="0">
  <testcase classname="com.testautomation.apitesting.tests.PathAndQueryParameter" name="testLogs" time="2.380"/>
  <system-out/>
</testsuite> <!-- com.testautomation.apitesting.tests.PathAndQueryParameter -->
