<?xml version="1.0" encoding="UTF-8"?>
<!-- Generated by org.testng.reporters.JUnitReportReporter -->
<testsuite hostname="ShahidHood" failures="0" tests="1" name="com.testautomation.apitesting.tests.ParsingResponseBody_4" time="1.982" errors="0" timestamp="2025-02-23T17:13:42 EST" skipped="0">
  <testcase classname="com.testautomation.apitesting.tests.ParsingResponseBody_4" name="testResponseBodyData" time="1.982"/>
  <system-out/>
</testsuite> <!-- com.testautomation.apitesting.tests.ParsingResponseBody_4 -->
