<?xml version="1.0" encoding="UTF-8"?>
<!-- Generated by org.testng.reporters.JUnitReportReporter -->
<testsuite hostname="ShahidHood" failures="0" tests="2" name="com.testAutomation.ApiTesting.tests.GetApiRequest" time="1.819" errors="0" timestamp="2025-02-02T22:50:33 EST" skipped="0">
  <testcase classname="com.testAutomation.ApiTesting.tests.GetApiRequest" name="getApi" time="1.666"/>
  <system-out/>
  <testcase classname="com.testAutomation.ApiTesting.tests.GetApiRequest" name="getApiBddStyle" time="0.153"/>
  <system-out/>
</testsuite> <!-- com.testAutomation.ApiTesting.tests.GetApiRequest -->
