<?xml version="1.0" encoding="UTF-8"?>
<!-- Generated by org.testng.reporters.JUnitReportReporter -->
<testsuite hostname="ShahidHood" failures="0" tests="1" name="com.testautomation.apitesting.tests.AuthorizationsInApi_8" time="17.883" errors="0" timestamp="2025-02-26T20:19:27 EST" skipped="0">
  <testcase classname="com.testautomation.apitesting.tests.AuthorizationsInApi_8" name="testBasicAuthentication" time="17.883"/>
  <system-out/>
</testsuite> <!-- com.testautomation.apitesting.tests.AuthorizationsInApi_8 -->
