<?xml version="1.0" encoding="UTF-8"?>
<!-- Generated by org.testng.reporters.JUnitReportReporter -->
<testsuite hostname="ShahidHood" failures="0" tests="2" name="com.testautomation.apitesting.tests.SerializationRestAssured" time="0.249" errors="0" timestamp="2025-02-24T21:56:33 EST" skipped="0">
  <testcase classname="com.testautomation.apitesting.tests.SerializationRestAssured" name="convertPojoToJson" time="0.224"/>
  <system-out/>
  <testcase classname="com.testautomation.apitesting.tests.SerializationRestAssured" name="convertJson2pojo" time="0.025"/>
  <system-out/>
</testsuite> <!-- com.testautomation.apitesting.tests.SerializationRestAssured -->
