<?xml version="1.0" encoding="UTF-8"?>
<!-- Generated by org.testng.reporters.JUnitReportReporter -->
<testsuite hostname="ShahidHood" failures="0" tests="3" name="day1.HTTPRequest" time="5.883" errors="0" timestamp="2025-02-03T22:08:18 EST" skipped="0">
  <testcase classname="day1.HTTPRequest" name="createUsers" time="5.026"/>
  <system-out/>
  <testcase classname="day1.HTTPRequest" name="updateUser" time="0.481"/>
  <system-out/>
  <testcase classname="day1.HTTPRequest" name="deleteUser" time="0.376"/>
  <system-out/>
</testsuite> <!-- day1.HTTPRequest -->
