<?xml version="1.0" encoding="UTF-8"?>
<!-- Generated by org.testng.reporters.JUnitReportReporter -->
<testsuite hostname="ShahidHood" failures="0" tests="1" name="com.testautomation.apitesting.tests.JsonSchemaValidation" time="4.950" errors="0" timestamp="2025-02-24T20:53:54 EST" skipped="0">
  <testcase classname="com.testautomation.apitesting.tests.JsonSchemaValidation" name="jsonSchemaValid" time="4.950"/>
  <system-out/>
</testsuite> <!-- com.testautomation.apitesting.tests.JsonSchemaValidation -->
