<?xml version="1.0" encoding="UTF-8"?>
<testng-results ignored="0" total="2" passed="2" failed="0" skipped="0">
  <reporter-output>
  </reporter-output>
  <suite started-at="2025-09-17T21:01:56 EDT" name="Default suite" finished-at="2025-09-17T21:02:18 EDT" duration-ms="21765">
    <groups>
    </groups>
    <test started-at="2025-09-17T21:01:56 EDT" name="Default test" finished-at="2025-09-17T21:02:18 EDT" duration-ms="21765">
      <class name="com.testNg.practice.PracticeTestNgWithMehtods">
        <test-method signature="launchApp()[pri:1, instance:com.testNg.practice.PracticeTestNgWithMehtods@1aafa419]" started-at="2025-09-17T21:01:56 EDT" name="launchApp" finished-at="2025-09-17T21:02:01 EDT" duration-ms="4959" status="PASS">
          <reporter-output>
          </reporter-output>
        </test-method> <!-- launchApp -->
        <test-method signature="checkButtonsUnderAll()[pri:2, instance:com.testNg.practice.PracticeTestNgWithMehtods@1aafa419]" started-at="2025-09-17T21:02:01 EDT" name="checkButtonsUnderAll" finished-at="2025-09-17T21:02:18 EDT" duration-ms="16674" status="PASS">
          <reporter-output>
          </reporter-output>
        </test-method> <!-- checkButtonsUnderAll -->
      </class> <!-- com.testNg.practice.PracticeTestNgWithMehtods -->
    </test> <!-- Default test -->
  </suite> <!-- Default suite -->
</testng-results>
