<?xml version="1.0" encoding="UTF-8"?>
<!-- Generated by org.testng.reporters.JUnitReportReporter -->
<testsuite hostname="DESKTOP-IKD4M7K" failures="0" tests="3" name="testNgPackage1.MavenTestNgProject1.DataProviderAnnotationFacebook" time="21.289" errors="0" timestamp="2024-08-14T09:44:40 EDT" skipped="0">
  <testcase classname="testNgPackage1.MavenTestNgProject1.DataProviderAnnotationFacebook" name="m1" time="6.808"/>
  <testcase classname="testNgPackage1.MavenTestNgProject1.DataProviderAnnotationFacebook" name="m1" time="7.455"/>
  <testcase classname="testNgPackage1.MavenTestNgProject1.DataProviderAnnotationFacebook" name="m1" time="7.026"/>
</testsuite> <!-- testNgPackage1.MavenTestNgProject1.DataProviderAnnotationFacebook -->
