<?xml version="1.0" encoding="UTF-8"?>
<!-- Generated by org.testng.reporters.JUnitReportReporter -->
<testsuite hostname="DESKTOP-IKD4M7K" failures="0" tests="3" name="testNgPackage1.MavenTestNgProject1.DataProviderAnnotaions1" time="0.008" errors="0" timestamp="2024-08-01T16:14:23 EDT" skipped="0">
  <testcase classname="testNgPackage1.MavenTestNgProject1.DataProviderAnnotaions1" name="testMethod" time="0.001"/>
  <testcase classname="testNgPackage1.MavenTestNgProject1.DataProviderAnnotaions1" name="testMethod" time="0.001"/>
  <testcase classname="testNgPackage1.MavenTestNgProject1.DataProviderAnnotaions1" name="testMethod" time="0.006"/>
</testsuite> <!-- testNgPackage1.MavenTestNgProject1.DataProviderAnnotaions1 -->
