<?xml version="1.0" encoding="UTF-8"?>
<!-- Generated by org.testng.reporters.JUnitReportReporter -->
<testsuite hostname="ShahidHood" failures="0" tests="4" name="testNgPackage1.MavenTestNgProject1.SoftAssertions" time="0.507" errors="0" timestamp="2024-10-19T18:27:59 EDT" skipped="0">
  <testcase classname="testNgPackage1.MavenTestNgProject1.SoftAssertions" name="testMethod3" time="0.029"/>
  <testcase classname="testNgPackage1.MavenTestNgProject1.SoftAssertions" name="testMethod2" time="0.129"/>
  <testcase classname="testNgPackage1.MavenTestNgProject1.SoftAssertions" name="testMethod1" time="0.229"/>
  <testcase classname="testNgPackage1.MavenTestNgProject1.SoftAssertions" name="testMethod4" time="0.120"/>
</testsuite> <!-- testNgPackage1.MavenTestNgProject1.SoftAssertions -->
