<?xml version="1.0" encoding="UTF-8"?>
<!-- Generated by org.testng.reporters.JUnitReportReporter -->
<testsuite hostname="DESKTOP-IKD4M7K" failures="0" tests="4" name="testNgPackage1.MavenTestNgProject1.Annotations1" time="8.246" errors="0" timestamp="2024-08-01T18:38:02 EDT" skipped="0">
  <testcase classname="testNgPackage1.MavenTestNgProject1.Annotations1" name="emailField" time="2.095"/>
  <testcase classname="testNgPackage1.MavenTestNgProject1.Annotations1" name="passField" time="2.088"/>
  <testcase classname="testNgPackage1.MavenTestNgProject1.Annotations1" name="emailEnabled" time="2.033"/>
  <testcase classname="testNgPackage1.MavenTestNgProject1.Annotations1" name="passEnabled" time="2.030"/>
</testsuite> <!-- testNgPackage1.MavenTestNgProject1.Annotations1 -->
