<?xml version="1.0" encoding="UTF-8"?>
<!-- Generated by org.testng.reporters.JUnitReportReporter -->
<testsuite hostname="DESKTOP-IKD4M7K" failures="0" tests="4" name="testNgPackage1.MavenTestNgProject1.Annotations" time="8.237" errors="0" timestamp="2024-08-01T14:35:57 EDT" skipped="0">
  <testcase classname="testNgPackage1.MavenTestNgProject1.Annotations" name="emailField" time="2.079"/>
  <testcase classname="testNgPackage1.MavenTestNgProject1.Annotations" name="passField" time="2.077"/>
  <testcase classname="testNgPackage1.MavenTestNgProject1.Annotations" name="emailEnabled" time="2.029"/>
  <testcase classname="testNgPackage1.MavenTestNgProject1.Annotations" name="passEnabled" time="2.052"/>
</testsuite> <!-- testNgPackage1.MavenTestNgProject1.Annotations -->
