<?xml version="1.0" encoding="UTF-8"?>
<testsuite xmlns:xsi="http://www.w3.org/2001/XMLSchema-instance" xsi:schemaLocation="https://maven.apache.org/surefire/maven-surefire-plugin/xsd/surefire-test-report.xsd" name="TestSuite" time="87.845" tests="10" errors="0" skipped="0" failures="0">
  <properties>
[...]
</properties>
  <testcase name="m1" classname="testNgPackage1.MavenTestNgProject1.SoftAssertions" time="0.18"/>
  <testcase name="m1" classname="testNgPackage1.MavenTestNgProject1.SoftAssertions" time="0.061"/>
  <testcase name="m2" classname="testNgPackage1.MavenTestNgProject1.SoftAssertions" time="0.059"/>
  <testcase name="m2" classname="testNgPackage1.MavenTestNgProject1.SoftAssertions" time="0.124"/>
  <testcase name="m1" classname="testNgPackage1.MavenTestNgProject1.DataProviderAnnotationFacebook" time="3.885"/>
  <testcase name="m1" classname="testNgPackage1.MavenTestNgProject1.DataProviderAnnotationFacebook" time="3.888"/>
  <testcase name="m1" classname="testNgPackage1.MavenTestNgProject1.DataProviderAnnotationFacebook" time="3.902"/>
  <testcase name="m1" classname="testNgPackage1.MavenTestNgProject1.HardAssertions" time="0.122"/>
  <testcase name="m2" classname="testNgPackage1.MavenTestNgProject1.HardAssertions" time="0.068"/>
  <testcase name="m3" classname="testNgPackage1.MavenTestNgProject1.HardAssertions" time="0.095"/>
</testsuite>