<?xml version="1.0" encoding="UTF-8"?>
<testng-results ignored="0" total="10" passed="10" failed="0" skipped="0">
  <reporter-output>
  </reporter-output>
  <suite started-at="2024-08-01T23:32:16 EDT" name="Regression_Suite " finished-at="2024-08-01T23:33:07 EDT" duration-ms="51022">
    <groups>
    </groups>
    <test started-at="2024-08-01T23:32:16 EDT" name="Rgression_Suite " finished-at="2024-08-01T23:33:07 EDT" duration-ms="51022">
      <class name="testNgPackage1.MavenTestNgProject1.DataProviderAnnotationFacebook">
        <test-method is-config="true" signature="launchWebApp()[pri:0, instance:testNgPackage1.MavenTestNgProject1.DataProviderAnnotationFacebook@60856961]" started-at="2024-08-01T23:32:36 EDT" name="launchWebApp" finished-at="2024-08-01T23:32:43 EDT" duration-ms="6698" status="PASS">
          <reporter-output>
          </reporter-output>
        </test-method> <!-- launchWebApp -->
        <test-method signature="m1(java.lang.String,java.lang.String)[pri:0, instance:testNgPackage1.MavenTestNgProject1.DataProviderAnnotationFacebook@60856961]" started-at="2024-08-01T23:32:43 EDT" name="m1" data-provider="Test Data" finished-at="2024-08-01T23:32:47 EDT" duration-ms="3885" status="PASS">
          <params>
            <param index="0">
              <value>
                <![CDATA[shahidmasood666@yahoo.com]]>
              </value>
            </param>
            <param index="1">
              <value>
                <![CDATA[hajar12]]>
              </value>
            </param>
          </params>
          <reporter-output>
          </reporter-output>
        </test-method> <!-- m1 -->
        <test-method is-config="true" signature="closeApp()[pri:0, instance:testNgPackage1.MavenTestNgProject1.DataProviderAnnotationFacebook@60856961]" started-at="2024-08-01T23:32:47 EDT" name="closeApp" finished-at="2024-08-01T23:32:47 EDT" duration-ms="152" status="PASS">
          <reporter-output>
          </reporter-output>
        </test-method> <!-- closeApp -->
        <test-method is-config="true" signature="launchWebApp()[pri:0, instance:testNgPackage1.MavenTestNgProject1.DataProviderAnnotationFacebook@60856961]" started-at="2024-08-01T23:32:47 EDT" name="launchWebApp" finished-at="2024-08-01T23:32:53 EDT" duration-ms="6371" status="PASS">
          <reporter-output>
          </reporter-output>
        </test-method> <!-- launchWebApp -->
        <test-method signature="m1(java.lang.String,java.lang.String)[pri:0, instance:testNgPackage1.MavenTestNgProject1.DataProviderAnnotationFacebook@60856961]" started-at="2024-08-01T23:32:53 EDT" name="m1" data-provider="Test Data" finished-at="2024-08-01T23:32:57 EDT" duration-ms="3889" status="PASS">
          <params>
            <param index="0">
              <value>
                <![CDATA[fazalm1961@yahoo.com]]>
              </value>
            </param>
            <param index="1">
              <value>
                <![CDATA[fazal9133]]>
              </value>
            </param>
          </params>
          <reporter-output>
          </reporter-output>
        </test-method> <!-- m1 -->
        <test-method is-config="true" signature="closeApp()[pri:0, instance:testNgPackage1.MavenTestNgProject1.DataProviderAnnotationFacebook@60856961]" started-at="2024-08-01T23:32:57 EDT" name="closeApp" finished-at="2024-08-01T23:32:57 EDT" duration-ms="144" status="PASS">
          <reporter-output>
          </reporter-output>
        </test-method> <!-- closeApp -->
        <test-method is-config="true" signature="launchWebApp()[pri:0, instance:testNgPackage1.MavenTestNgProject1.DataProviderAnnotationFacebook@60856961]" started-at="2024-08-01T23:32:57 EDT" name="launchWebApp" finished-at="2024-08-01T23:33:03 EDT" duration-ms="5886" status="PASS">
          <reporter-output>
          </reporter-output>
        </test-method> <!-- launchWebApp -->
        <test-method signature="m1(java.lang.String,java.lang.String)[pri:0, instance:testNgPackage1.MavenTestNgProject1.DataProviderAnnotationFacebook@60856961]" started-at="2024-08-01T23:33:03 EDT" name="m1" data-provider="Test Data" finished-at="2024-08-01T23:33:07 EDT" duration-ms="3903" status="PASS">
          <params>
            <param index="0">
              <value>
                <![CDATA[hajar123@gmail.com]]>
              </value>
            </param>
            <param index="1">
              <value>
                <![CDATA[hajar123]]>
              </value>
            </param>
          </params>
          <reporter-output>
          </reporter-output>
        </test-method> <!-- m1 -->
        <test-method is-config="true" signature="closeApp()[pri:0, instance:testNgPackage1.MavenTestNgProject1.DataProviderAnnotationFacebook@60856961]" started-at="2024-08-01T23:33:07 EDT" name="closeApp" finished-at="2024-08-01T23:33:07 EDT" duration-ms="119" status="PASS">
          <reporter-output>
          </reporter-output>
        </test-method> <!-- closeApp -->
      </class> <!-- testNgPackage1.MavenTestNgProject1.DataProviderAnnotationFacebook -->
      <class name="testNgPackage1.MavenTestNgProject1.SoftAssertions">
        <test-method is-config="true" signature="launchWebApp()[pri:0, instance:testNgPackage1.MavenTestNgProject1.SoftAssertions@401f7633]" started-at="2024-08-01T23:32:16 EDT" name="launchWebApp" finished-at="2024-08-01T23:32:26 EDT" duration-ms="9755" status="PASS">
          <reporter-output>
          </reporter-output>
        </test-method> <!-- launchWebApp -->
        <test-method signature="m1()[pri:0, instance:testNgPackage1.MavenTestNgProject1.SoftAssertions@401f7633]" started-at="2024-08-01T23:32:26 EDT" name="m1" finished-at="2024-08-01T23:32:26 EDT" duration-ms="177" status="PASS">
          <reporter-output>
          </reporter-output>
        </test-method> <!-- m1 -->
        <test-method is-config="true" signature="closeApp()[pri:0, instance:testNgPackage1.MavenTestNgProject1.SoftAssertions@401f7633]" started-at="2024-08-01T23:32:26 EDT" name="closeApp" finished-at="2024-08-01T23:32:26 EDT" duration-ms="402" status="PASS">
          <reporter-output>
          </reporter-output>
        </test-method> <!-- closeApp -->
        <test-method is-config="true" signature="launchWebApp()[pri:0, instance:testNgPackage1.MavenTestNgProject1.SoftAssertions@401f7633]" started-at="2024-08-01T23:32:26 EDT" name="launchWebApp" finished-at="2024-08-01T23:32:36 EDT" duration-ms="9186" status="PASS">
          <reporter-output>
          </reporter-output>
        </test-method> <!-- launchWebApp -->
        <test-method signature="m2()[pri:0, instance:testNgPackage1.MavenTestNgProject1.SoftAssertions@401f7633]" started-at="2024-08-01T23:32:36 EDT" name="m2" finished-at="2024-08-01T23:32:36 EDT" duration-ms="59" status="PASS">
          <reporter-output>
          </reporter-output>
        </test-method> <!-- m2 -->
        <test-method is-config="true" signature="closeApp()[pri:0, instance:testNgPackage1.MavenTestNgProject1.SoftAssertions@401f7633]" started-at="2024-08-01T23:32:36 EDT" name="closeApp" finished-at="2024-08-01T23:32:36 EDT" duration-ms="245" status="PASS">
          <reporter-output>
          </reporter-output>
        </test-method> <!-- closeApp -->
      </class> <!-- testNgPackage1.MavenTestNgProject1.SoftAssertions -->
    </test> <!-- Rgression_Suite  -->
  </suite> <!-- Regression_Suite  -->
  <suite started-at="2024-08-01T23:33:07 EDT" name="Smoke_Suite " finished-at="2024-08-01T23:33:40 EDT" duration-ms="33132">
    <groups>
    </groups>
    <test started-at="2024-08-01T23:33:07 EDT" name="Smoke_Suite" finished-at="2024-08-01T23:33:40 EDT" duration-ms="33132">
      <class name="testNgPackage1.MavenTestNgProject1.HardAssertions">
        <test-method is-config="true" signature="launchWebApp()[pri:0, instance:testNgPackage1.MavenTestNgProject1.HardAssertions@45312be2]" started-at="2024-08-01T23:33:18 EDT" name="launchWebApp" finished-at="2024-08-01T23:33:24 EDT" duration-ms="5971" status="PASS">
          <reporter-output>
          </reporter-output>
        </test-method> <!-- launchWebApp -->
        <test-method signature="m1()[pri:0, instance:testNgPackage1.MavenTestNgProject1.HardAssertions@45312be2]" started-at="2024-08-01T23:33:24 EDT" name="m1" finished-at="2024-08-01T23:33:24 EDT" duration-ms="124" status="PASS">
          <reporter-output>
          </reporter-output>
        </test-method> <!-- m1 -->
        <test-method is-config="true" signature="closeApp()[pri:0, instance:testNgPackage1.MavenTestNgProject1.HardAssertions@45312be2]" started-at="2024-08-01T23:33:24 EDT" name="closeApp" finished-at="2024-08-01T23:33:25 EDT" duration-ms="303" status="PASS">
          <reporter-output>
          </reporter-output>
        </test-method> <!-- closeApp -->
        <test-method is-config="true" signature="launchWebApp()[pri:0, instance:testNgPackage1.MavenTestNgProject1.HardAssertions@45312be2]" started-at="2024-08-01T23:33:25 EDT" name="launchWebApp" finished-at="2024-08-01T23:33:32 EDT" duration-ms="7510" status="PASS">
          <reporter-output>
          </reporter-output>
        </test-method> <!-- launchWebApp -->
        <test-method signature="m2()[pri:0, instance:testNgPackage1.MavenTestNgProject1.HardAssertions@45312be2]" started-at="2024-08-01T23:33:32 EDT" name="m2" finished-at="2024-08-01T23:33:32 EDT" duration-ms="68" status="PASS">
          <reporter-output>
          </reporter-output>
        </test-method> <!-- m2 -->
        <test-method is-config="true" signature="closeApp()[pri:0, instance:testNgPackage1.MavenTestNgProject1.HardAssertions@45312be2]" started-at="2024-08-01T23:33:32 EDT" name="closeApp" finished-at="2024-08-01T23:33:33 EDT" duration-ms="204" status="PASS">
          <reporter-output>
          </reporter-output>
        </test-method> <!-- closeApp -->
        <test-method is-config="true" signature="launchWebApp()[pri:0, instance:testNgPackage1.MavenTestNgProject1.HardAssertions@45312be2]" started-at="2024-08-01T23:33:33 EDT" name="launchWebApp" finished-at="2024-08-01T23:33:40 EDT" duration-ms="7268" status="PASS">
          <reporter-output>
          </reporter-output>
        </test-method> <!-- launchWebApp -->
        <test-method signature="m3()[pri:0, instance:testNgPackage1.MavenTestNgProject1.HardAssertions@45312be2]" started-at="2024-08-01T23:33:40 EDT" name="m3" finished-at="2024-08-01T23:33:40 EDT" duration-ms="95" status="PASS">
          <reporter-output>
          </reporter-output>
        </test-method> <!-- m3 -->
        <test-method is-config="true" signature="closeApp()[pri:0, instance:testNgPackage1.MavenTestNgProject1.HardAssertions@45312be2]" started-at="2024-08-01T23:33:40 EDT" name="closeApp" finished-at="2024-08-01T23:33:40 EDT" duration-ms="280" status="PASS">
          <reporter-output>
          </reporter-output>
        </test-method> <!-- closeApp -->
      </class> <!-- testNgPackage1.MavenTestNgProject1.HardAssertions -->
      <class name="testNgPackage1.MavenTestNgProject1.SoftAssertions">
        <test-method is-config="true" signature="launchWebApp()[pri:0, instance:testNgPackage1.MavenTestNgProject1.SoftAssertions@77102b91]" started-at="2024-08-01T23:33:07 EDT" name="launchWebApp" finished-at="2024-08-01T23:33:12 EDT" duration-ms="5001" status="PASS">
          <reporter-output>
          </reporter-output>
        </test-method> <!-- launchWebApp -->
        <test-method signature="m1()[pri:0, instance:testNgPackage1.MavenTestNgProject1.SoftAssertions@77102b91]" started-at="2024-08-01T23:33:12 EDT" name="m1" finished-at="2024-08-01T23:33:12 EDT" duration-ms="62" status="PASS">
          <reporter-output>
          </reporter-output>
        </test-method> <!-- m1 -->
        <test-method is-config="true" signature="closeApp()[pri:0, instance:testNgPackage1.MavenTestNgProject1.SoftAssertions@77102b91]" started-at="2024-08-01T23:33:12 EDT" name="closeApp" finished-at="2024-08-01T23:33:12 EDT" duration-ms="177" status="PASS">
          <reporter-output>
          </reporter-output>
        </test-method> <!-- closeApp -->
        <test-method is-config="true" signature="launchWebApp()[pri:0, instance:testNgPackage1.MavenTestNgProject1.SoftAssertions@77102b91]" started-at="2024-08-01T23:33:12 EDT" name="launchWebApp" finished-at="2024-08-01T23:33:18 EDT" duration-ms="5732" status="PASS">
          <reporter-output>
          </reporter-output>
        </test-method> <!-- launchWebApp -->
        <test-method signature="m2()[pri:0, instance:testNgPackage1.MavenTestNgProject1.SoftAssertions@77102b91]" started-at="2024-08-01T23:33:18 EDT" name="m2" finished-at="2024-08-01T23:33:18 EDT" duration-ms="124" status="PASS">
          <reporter-output>
          </reporter-output>
        </test-method> <!-- m2 -->
        <test-method is-config="true" signature="closeApp()[pri:0, instance:testNgPackage1.MavenTestNgProject1.SoftAssertions@77102b91]" started-at="2024-08-01T23:33:18 EDT" name="closeApp" finished-at="2024-08-01T23:33:18 EDT" duration-ms="198" status="PASS">
          <reporter-output>
          </reporter-output>
        </test-method> <!-- closeApp -->
      </class> <!-- testNgPackage1.MavenTestNgProject1.SoftAssertions -->
    </test> <!-- Smoke_Suite -->
  </suite> <!-- Smoke_Suite  -->
</testng-results>
