<?xml version="1.0" encoding="UTF-8"?>
<!-- Generated by org.testng.reporters.JUnitReportReporter -->
<testsuite hostname="ShahidHood" failures="0" tests="3" name="com.testNg.practice.ListoFAnnotationsTestNg" time="0.014" errors="0" timestamp="2025-07-15T11:02:57 EDT" skipped="0">
  <testcase classname="com.testNg.practice.ListoFAnnotationsTestNg" name="ts3" time="0.003"/>
  <testcase classname="com.testNg.practice.ListoFAnnotationsTestNg" name="ts1" time="0.009"/>
  <testcase classname="com.testNg.practice.ListoFAnnotationsTestNg" name="ts2" time="0.002"/>
</testsuite> <!-- com.testNg.practice.ListoFAnnotationsTestNg -->
