<?xml version="1.0" encoding="UTF-8"?>
<!-- Generated by org.testng.reporters.JUnitReportReporter -->
<testsuite hostname="ShahidHood" failures="0" tests="2" name="com.testNg.practice.OptionalParameter" time="1.240" errors="0" timestamp="2025-07-16T15:21:35 EDT" skipped="0">
  <testcase classname="com.testNg.practice.OptionalParameter" name="launchApp" time="0.775"/>
  <testcase classname="com.testNg.practice.OptionalParameter" name="enterLoginDetails" time="0.465"/>
</testsuite> <!-- com.testNg.practice.OptionalParameter -->
