<?xml version="1.0" encoding="UTF-8"?>
<!-- Generated by org.testng.reporters.JUnitReportReporter -->
<testsuite hostname="ShahidHood" failures="0" tests="2" name="com.testNg.practice.ParameterInTestNg" time="3.696" errors="0" timestamp="2025-07-15T18:36:07 EDT" skipped="0">
  <testcase classname="com.testNg.practice.ParameterInTestNg" name="enterLoginDetails" time="1.848"/>
  <testcase classname="com.testNg.practice.ParameterInTestNg" name="launchApp" time="1.848"/>
</testsuite> <!-- com.testNg.practice.ParameterInTestNg -->
