<?xml version="1.0" encoding="UTF-8"?>
<!-- Generated by org.testng.reporters.JUnitReportReporter -->
<testsuite hostname="ShahidHood" failures="0" tests="5" name="com.testNg.practice.OrangeHRM" time="16.274" errors="0" timestamp="2025-07-14T21:51:54 EDT" skipped="0">
  <testcase classname="com.testNg.practice.OrangeHRM" name="launchApp" time="4.554"/>
  <testcase classname="com.testNg.practice.OrangeHRM" name="enterLoginDetails" time="1.446"/>
  <testcase classname="com.testNg.practice.OrangeHRM" name="enterLoginDetails" time="1.093"/>
  <testcase classname="com.testNg.practice.OrangeHRM" name="launchApp" time="4.872"/>
  <testcase classname="com.testNg.practice.OrangeHRM" name="clickPim" time="4.309"/>
</testsuite> <!-- com.testNg.practice.OrangeHRM -->
