<?xml version="1.0" encoding="UTF-8"?>
<!-- Generated by org.testng.reporters.JUnitReportReporter -->
<testsuite hostname="ShahidHood" failures="0" tests="2" name="com.testNg.practice.PracticeTestNgWithMehtods" time="21.633" errors="0" timestamp="2025-09-17T21:02:19 EDT" skipped="0">
  <testcase classname="com.testNg.practice.PracticeTestNgWithMehtods" name="launchApp" time="4.959"/>
  <testcase classname="com.testNg.practice.PracticeTestNgWithMehtods" name="checkButtonsUnderAll" time="16.674"/>
</testsuite> <!-- com.testNg.practice.PracticeTestNgWithMehtods -->
