<?xml version="1.0" encoding="UTF-8"?>
<testng-results ignored="0" total="3" passed="3" failed="0" skipped="0">
  <reporter-output>
  </reporter-output>
  <suite started-at="2025-06-18T16:46:23 EDT" name="Default suite" finished-at="2025-06-18T16:46:38 EDT" duration-ms="14554">
    <groups>
    </groups>
    <test started-at="2025-06-18T16:46:23 EDT" name="Default test" finished-at="2025-06-18T16:46:38 EDT" duration-ms="14554">
      <class name="pageObjectConcept.AdminTest">
        <test-method is-config="true" signature="setUp()[pri:0, instance:pageObjectConcept.AdminTest@229f66ed]" started-at="2025-06-18T16:46:23 EDT" name="setUp" finished-at="2025-06-18T16:46:26 EDT" duration-ms="2460" status="PASS">
          <reporter-output>
          </reporter-output>
        </test-method> <!-- setUp -->
        <test-method signature="testLogin()[pri:1, instance:pageObjectConcept.AdminTest@229f66ed]" started-at="2025-06-18T16:46:26 EDT" name="testLogin" finished-at="2025-06-18T16:46:27 EDT" duration-ms="1213" status="PASS">
          <reporter-output>
          </reporter-output>
        </test-method> <!-- testLogin -->
        <test-method signature="adminSearch()[pri:2, instance:pageObjectConcept.AdminTest@229f66ed]" started-at="2025-06-18T16:46:27 EDT" name="adminSearch" finished-at="2025-06-18T16:46:32 EDT" duration-ms="5375" status="PASS">
          <reporter-output>
          </reporter-output>
        </test-method> <!-- adminSearch -->
        <test-method signature="userSearch()[pri:3, instance:pageObjectConcept.AdminTest@229f66ed]" started-at="2025-06-18T16:46:32 EDT" name="userSearch" finished-at="2025-06-18T16:46:33 EDT" duration-ms="249" status="PASS">
          <reporter-output>
          </reporter-output>
        </test-method> <!-- userSearch -->
        <test-method is-config="true" signature="tearDown()[pri:0, instance:pageObjectConcept.AdminTest@229f66ed]" started-at="2025-06-18T16:46:33 EDT" name="tearDown" finished-at="2025-06-18T16:46:38 EDT" duration-ms="5195" status="PASS">
          <reporter-output>
          </reporter-output>
        </test-method> <!-- tearDown -->
      </class> <!-- pageObjectConcept.AdminTest -->
    </test> <!-- Default test -->
  </suite> <!-- Default suite -->
</testng-results>
