<?xml version="1.0" encoding="UTF-8"?>
<!-- Generated by org.testng.reporters.JUnitXMLReporter -->
<testsuite ignored="0" hostname="ShahidHood" failures="0" tests="3" name="Default test" time="14.554" errors="0" timestamp="2025-06-18T16:46:38 EDT">
  <testcase classname="pageObjectConcept.AdminTest" name="testLogin" time="1.213"/>
  <testcase classname="pageObjectConcept.AdminTest" name="adminSearch" time="5.375"/>
  <testcase classname="pageObjectConcept.AdminTest" name="userSearch" time="0.249"/>
</testsuite> <!-- Default test -->
